{"/Users/adrian/TheOdinProject/repos/linked-lists2/LinkedList.js": {"path":"/Users/adrian/TheOdinProject/repos/linked-lists2/LinkedList.js","statementMap":{"0":{"start":{"line":3,"column":8},"end":{"line":3,"column":24}},"1":{"start":{"line":4,"column":8},"end":{"line":4,"column":23}},"2":{"start":{"line":7,"column":24},"end":{"line":7,"column":59}},"3":{"start":{"line":8,"column":8},"end":{"line":8,"column":27}},"4":{"start":{"line":9,"column":8},"end":{"line":9,"column":21}},"5":{"start":{"line":14,"column":8},"end":{"line":14,"column":58}},"6":{"start":{"line":14,"column":47},"end":{"line":14,"column":58}},"7":{"start":{"line":16,"column":22},"end":{"line":16,"column":31}},"8":{"start":{"line":17,"column":8},"end":{"line":19,"column":9}},"9":{"start":{"line":17,"column":21},"end":{"line":17,"column":22}},"10":{"start":{"line":18,"column":12},"end":{"line":18,"column":34}},"11":{"start":{"line":20,"column":8},"end":{"line":20,"column":22}},"12":{"start":{"line":24,"column":8},"end":{"line":24,"column":34}},"13":{"start":{"line":25,"column":8},"end":{"line":25,"column":21}},"14":{"start":{"line":29,"column":8},"end":{"line":29,"column":55}},"15":{"start":{"line":29,"column":24},"end":{"line":29,"column":55}},"16":{"start":{"line":30,"column":21},"end":{"line":30,"column":47}},"17":{"start":{"line":31,"column":8},"end":{"line":31,"column":37}},"18":{"start":{"line":31,"column":26},"end":{"line":31,"column":37}},"19":{"start":{"line":32,"column":8},"end":{"line":32,"column":56}},"20":{"start":{"line":33,"column":8},"end":{"line":33,"column":21}},"21":{"start":{"line":37,"column":8},"end":{"line":37,"column":48}},"22":{"start":{"line":37,"column":24},"end":{"line":37,"column":48}},"23":{"start":{"line":38,"column":21},"end":{"line":38,"column":47}},"24":{"start":{"line":39,"column":8},"end":{"line":39,"column":37}},"25":{"start":{"line":39,"column":26},"end":{"line":39,"column":37}},"26":{"start":{"line":40,"column":8},"end":{"line":40,"column":34}},"27":{"start":{"line":41,"column":8},"end":{"line":41,"column":21}},"28":{"start":{"line":45,"column":21},"end":{"line":45,"column":23}},"29":{"start":{"line":46,"column":22},"end":{"line":46,"column":31}},"30":{"start":{"line":47,"column":8},"end":{"line":50,"column":9}},"31":{"start":{"line":48,"column":12},"end":{"line":48,"column":51}},"32":{"start":{"line":49,"column":12},"end":{"line":49,"column":34}},"33":{"start":{"line":51,"column":8},"end":{"line":51,"column":36}},"34":{"start":{"line":57,"column":8},"end":{"line":57,"column":26}},"35":{"start":{"line":58,"column":8},"end":{"line":58,"column":24}},"36":{"start":{"line":62,"column":0},"end":{"line":68,"column":1}},"37":{"start":{"line":63,"column":15},"end":{"line":63,"column":31}},"38":{"start":{"line":64,"column":4},"end":{"line":66,"column":5}},"39":{"start":{"line":64,"column":17},"end":{"line":64,"column":34}},"40":{"start":{"line":65,"column":8},"end":{"line":65,"column":34}},"41":{"start":{"line":67,"column":4},"end":{"line":67,"column":13}},"42":{"start":{"line":70,"column":0},"end":{"line":70,"column":27}}},"fnMap":{"0":{"name":"(anonymous_0)","decl":{"start":{"line":2,"column":4},"end":{"line":2,"column":5}},"loc":{"start":{"line":2,"column":18},"end":{"line":5,"column":5}},"line":2},"1":{"name":"(anonymous_1)","decl":{"start":{"line":6,"column":4},"end":{"line":6,"column":5}},"loc":{"start":{"line":6,"column":23},"end":{"line":11,"column":5}},"line":6},"2":{"name":"(anonymous_2)","decl":{"start":{"line":13,"column":4},"end":{"line":13,"column":5}},"loc":{"start":{"line":13,"column":22},"end":{"line":21,"column":5}},"line":13},"3":{"name":"(anonymous_3)","decl":{"start":{"line":23,"column":4},"end":{"line":23,"column":5}},"loc":{"start":{"line":23,"column":17},"end":{"line":26,"column":5}},"line":23},"4":{"name":"(anonymous_4)","decl":{"start":{"line":28,"column":4},"end":{"line":28,"column":5}},"loc":{"start":{"line":28,"column":31},"end":{"line":34,"column":5}},"line":28},"5":{"name":"(anonymous_5)","decl":{"start":{"line":36,"column":4},"end":{"line":36,"column":5}},"loc":{"start":{"line":36,"column":25},"end":{"line":43,"column":5}},"line":36},"6":{"name":"(anonymous_6)","decl":{"start":{"line":44,"column":4},"end":{"line":44,"column":5}},"loc":{"start":{"line":44,"column":12},"end":{"line":52,"column":5}},"line":44},"7":{"name":"(anonymous_7)","decl":{"start":{"line":56,"column":4},"end":{"line":56,"column":5}},"loc":{"start":{"line":56,"column":29},"end":{"line":59,"column":5}},"line":56},"8":{"name":"(anonymous_8)","decl":{"start":{"line":62,"column":24},"end":{"line":62,"column":25}},"loc":{"start":{"line":62,"column":44},"end":{"line":68,"column":1}},"line":62}},"branchMap":{"0":{"loc":{"start":{"line":14,"column":8},"end":{"line":14,"column":58}},"type":"if","locations":[{"start":{"line":14,"column":8},"end":{"line":14,"column":58}},{"start":{},"end":{}}],"line":14},"1":{"loc":{"start":{"line":14,"column":12},"end":{"line":14,"column":45}},"type":"binary-expr","locations":[{"start":{"line":14,"column":12},"end":{"line":14,"column":21}},{"start":{"line":14,"column":25},"end":{"line":14,"column":45}}],"line":14},"2":{"loc":{"start":{"line":29,"column":8},"end":{"line":29,"column":55}},"type":"if","locations":[{"start":{"line":29,"column":8},"end":{"line":29,"column":55}},{"start":{},"end":{}}],"line":29},"3":{"loc":{"start":{"line":31,"column":8},"end":{"line":31,"column":37}},"type":"if","locations":[{"start":{"line":31,"column":8},"end":{"line":31,"column":37}},{"start":{},"end":{}}],"line":31},"4":{"loc":{"start":{"line":37,"column":8},"end":{"line":37,"column":48}},"type":"if","locations":[{"start":{"line":37,"column":8},"end":{"line":37,"column":48}},{"start":{},"end":{}}],"line":37},"5":{"loc":{"start":{"line":39,"column":8},"end":{"line":39,"column":37}},"type":"if","locations":[{"start":{"line":39,"column":8},"end":{"line":39,"column":37}},{"start":{},"end":{}}],"line":39}},"s":{"0":14,"1":14,"2":37,"3":37,"4":37,"5":12,"6":6,"7":6,"8":6,"9":6,"10":7,"11":6,"12":2,"13":2,"14":4,"15":1,"16":3,"17":3,"18":2,"19":1,"20":1,"21":4,"22":1,"23":3,"24":3,"25":2,"26":1,"27":1,"28":0,"29":0,"30":0,"31":0,"32":0,"33":0,"34":38,"35":38,"36":1,"37":13,"38":13,"39":13,"40":34,"41":13,"42":1},"f":{"0":14,"1":37,"2":12,"3":2,"4":4,"5":4,"6":0,"7":38,"8":13},"b":{"0":[6,6],"1":[12,8],"2":[1,3],"3":[2,1],"4":[1,3],"5":[2,1]},"_coverageSchema":"1a1c01bbd47fc00a2c39e90264f33305004495a9","hash":"aabb54403a43a987fcbc4c54f1971d6f685600cf"}
}
